<?xml version="1.0" encoding="utf-8"?><testsuites name="pytest tests"><testsuite name="pytest" errors="2" failures="0" skipped="0" tests="2" time="0.899" timestamp="2025-11-26T01:23:19.428582+08:00" hostname="localhost"><testcase classname="" name="test_generate_test.test_code.simple.test_simple_get_current_year" time="0.000"><error message="collection failure">../llt/lib/python3.12/site-packages/_pytest/python.py:507: in importtestmodule
    mod = import_path(
../llt/lib/python3.12/site-packages/_pytest/pathlib.py:587: in import_path
    importlib.import_module(module_name)
/usr/lib/python3.12/importlib/__init__.py:90: in import_module
    return _bootstrap._gcd_import(name[level:], package, level)
           ^^^^^^^^^^^^^^^^^^^^^^^^^^^^^^^^^^^^^^^^^^^^^^^^^^^^
&lt;frozen importlib._bootstrap&gt;:1387: in _gcd_import
    ???
&lt;frozen importlib._bootstrap&gt;:1360: in _find_and_load
    ???
&lt;frozen importlib._bootstrap&gt;:1331: in _find_and_load_unlocked
    ???
&lt;frozen importlib._bootstrap&gt;:935: in _load_unlocked
    ???
../llt/lib/python3.12/site-packages/_pytest/assertion/rewrite.py:188: in exec_module
    source_stat, co = _rewrite_test(fn, self.config)
                      ^^^^^^^^^^^^^^^^^^^^^^^^^^^^^^
../llt/lib/python3.12/site-packages/_pytest/assertion/rewrite.py:357: in _rewrite_test
    tree = ast.parse(source, filename=strfn)
           ^^^^^^^^^^^^^^^^^^^^^^^^^^^^^^^^^
/usr/lib/python3.12/ast.py:52: in parse
    return compile(source, filename, mode, flags,
E     File "/home/cjr/LLT-Assistant-Backend/test_generate_test/test_code/simple/test_simple_get_current_year.py", line 1
E       import inspect
E   IndentationError: unexpected indent</error></testcase><testcase classname="" name="test_generate_test.test_code.simple.test_simple_merge_dicts" time="0.000"><error message="collection failure">ImportError while importing test module '/home/cjr/LLT-Assistant-Backend/test_generate_test/test_code/simple/test_simple_merge_dicts.py'.
Hint: make sure your test modules/packages have valid Python names.
Traceback:
/usr/lib/python3.12/importlib/__init__.py:90: in import_module
    return _bootstrap._gcd_import(name[level:], package, level)
           ^^^^^^^^^^^^^^^^^^^^^^^^^^^^^^^^^^^^^^^^^^^^^^^^^^^^
test_code/simple/test_simple_merge_dicts.py:2: in &lt;module&gt;
    from math_functions import merge_dicts
E   ModuleNotFoundError: No module named 'math_functions'</error></testcase></testsuite></testsuites>